[18-Jul-2022 03:28:45 UTC] PHP Notice:  Undefined index: @id in /home/customer/www/despierta.info/public_html/wp-content/plugins/seo-by-rank-math/includes/modules/schema/class-frontend.php on line 243
[18-Jul-2022 03:38:37 UTC] PHP Notice:  Undefined index: @id in /home/customer/www/despierta.info/public_html/wp-content/plugins/seo-by-rank-math/includes/modules/schema/class-frontend.php on line 243
[18-Jul-2022 04:30:09 UTC] PHP Notice:  Undefined index: @id in /home/customer/www/despierta.info/public_html/wp-content/plugins/seo-by-rank-math/includes/modules/schema/class-frontend.php on line 243
[18-Jul-2022 04:42:52 UTC] PHP Notice:  Undefined index: @id in /home/customer/www/despierta.info/public_html/wp-content/plugins/seo-by-rank-math/includes/modules/schema/class-frontend.php on line 243
[18-Jul-2022 04:43:52 UTC] PHP Notice:  Trying to get property 'ID' of non-object in /home/customer/www/despierta.info/public_html/wp-content/plugins/wp-user-frontend/wpuf-functions.php on line 860
[18-Jul-2022 04:44:15 UTC] PHP Notice:  Trying to get property 'ID' of non-object in /home/customer/www/despierta.info/public_html/wp-content/plugins/wp-user-frontend/wpuf-functions.php on line 860
[18-Jul-2022 04:47:08 UTC] PHP Notice:  Trying to get property 'label' of non-object in /home/customer/www/despierta.info/public_html/wp-content/plugins/wp-user-frontend/wpuf-functions.php on line 2034
[18-Jul-2022 04:47:12 UTC] PHP Notice:  Trying to get property 'label' of non-object in /home/customer/www/despierta.info/public_html/wp-content/plugins/wp-user-frontend/wpuf-functions.php on line 2034
[18-Jul-2022 04:47:16 UTC] PHP Notice:  Trying to get property 'label' of non-object in /home/customer/www/despierta.info/public_html/wp-content/plugins/wp-user-frontend/wpuf-functions.php on line 2034
[18-Jul-2022 04:47:18 UTC] PHP Notice:  Trying to get property 'label' of non-object in /home/customer/www/despierta.info/public_html/wp-content/plugins/wp-user-frontend/wpuf-functions.php on line 2034
[18-Jul-2022 04:47:40 UTC] PHP Notice:  Trying to get property 'label' of non-object in /home/customer/www/despierta.info/public_html/wp-content/plugins/wp-user-frontend/wpuf-functions.php on line 2034
[18-Jul-2022 04:47:51 UTC] PHP Notice:  Trying to get property 'label' of non-object in /home/customer/www/despierta.info/public_html/wp-content/plugins/wp-user-frontend/wpuf-functions.php on line 2034
[18-Jul-2022 04:47:58 UTC] PHP Notice:  Trying to get property 'label' of non-object in /home/customer/www/despierta.info/public_html/wp-content/plugins/wp-user-frontend/wpuf-functions.php on line 2034
[18-Jul-2022 04:47:59 UTC] PHP Notice:  Trying to get property 'ID' of non-object in /home/customer/www/despierta.info/public_html/wp-content/plugins/wp-user-frontend/wpuf-functions.php on line 860
[18-Jul-2022 04:48:02 UTC] PHP Notice:  Trying to get property 'label' of non-object in /home/customer/www/despierta.info/public_html/wp-content/plugins/wp-user-frontend/wpuf-functions.php on line 2034
[18-Jul-2022 04:48:09 UTC] PHP Notice:  Undefined index: @id in /home/customer/www/despierta.info/public_html/wp-content/plugins/seo-by-rank-math/includes/modules/schema/class-frontend.php on line 243
[18-Jul-2022 04:48:12 UTC] PHP Notice:  Trying to get property 'label' of non-object in /home/customer/www/despierta.info/public_html/wp-content/plugins/wp-user-frontend/wpuf-functions.php on line 2034
[18-Jul-2022 04:48:14 UTC] PHP Notice:  Trying to get property 'label' of non-object in /home/customer/www/despierta.info/public_html/wp-content/plugins/wp-user-frontend/wpuf-functions.php on line 2034
[18-Jul-2022 04:48:16 UTC] PHP Notice:  Trying to get property 'label' of non-object in /home/customer/www/despierta.info/public_html/wp-content/plugins/wp-user-frontend/wpuf-functions.php on line 2034
[18-Jul-2022 04:48:18 UTC] PHP Notice:  Trying to get property 'label' of non-object in /home/customer/www/despierta.info/public_html/wp-content/plugins/wp-user-frontend/wpuf-functions.php on line 2034
[18-Jul-2022 04:48:23 UTC] PHP Notice:  Trying to get property 'label' of non-object in /home/customer/www/despierta.info/public_html/wp-content/plugins/wp-user-frontend/wpuf-functions.php on line 2034
[18-Jul-2022 04:48:30 UTC] PHP Notice:  Trying to get property 'label' of non-object in /home/customer/www/despierta.info/public_html/wp-content/plugins/wp-user-frontend/wpuf-functions.php on line 2034
[18-Jul-2022 04:48:37 UTC] PHP Notice:  Trying to get property 'label' of non-object in /home/customer/www/despierta.info/public_html/wp-content/plugins/wp-user-frontend/wpuf-functions.php on line 2034
[18-Jul-2022 04:48:41 UTC] PHP Notice:  Trying to get property 'label' of non-object in /home/customer/www/despierta.info/public_html/wp-content/plugins/wp-user-frontend/wpuf-functions.php on line 2034
[18-Jul-2022 04:48:44 UTC] PHP Notice:  Trying to get property 'label' of non-object in /home/customer/www/despierta.info/public_html/wp-content/plugins/wp-user-frontend/wpuf-functions.php on line 2034
[18-Jul-2022 04:48:44 UTC] PHP Notice:  Trying to get property 'label' of non-object in /home/customer/www/despierta.info/public_html/wp-content/plugins/wp-user-frontend/wpuf-functions.php on line 2034
[18-Jul-2022 04:48:45 UTC] PHP Notice:  Trying to get property 'label' of non-object in /home/customer/www/despierta.info/public_html/wp-content/plugins/wp-user-frontend/wpuf-functions.php on line 2034
[18-Jul-2022 04:48:49 UTC] PHP Notice:  Trying to get property 'label' of non-object in /home/customer/www/despierta.info/public_html/wp-content/plugins/wp-user-frontend/wpuf-functions.php on line 2034
[18-Jul-2022 04:48:53 UTC] PHP Notice:  Trying to get property 'label' of non-object in /home/customer/www/despierta.info/public_html/wp-content/plugins/wp-user-frontend/wpuf-functions.php on line 2034
[18-Jul-2022 04:48:58 UTC] PHP Notice:  Trying to get property 'label' of non-object in /home/customer/www/despierta.info/public_html/wp-content/plugins/wp-user-frontend/wpuf-functions.php on line 2034
[18-Jul-2022 04:50:28 UTC] PHP Notice:  Undefined index: @id in /home/customer/www/despierta.info/public_html/wp-content/plugins/seo-by-rank-math/includes/modules/schema/class-frontend.php on line 243
[18-Jul-2022 04:52:54 UTC] PHP Notice:  Trying to get property 'ID' of non-object in /home/customer/www/despierta.info/public_html/wp-content/plugins/wp-user-frontend/wpuf-functions.php on line 860
[18-Jul-2022 04:52:59 UTC] PHP Notice:  Undefined index: @id in /home/customer/www/despierta.info/public_html/wp-content/plugins/seo-by-rank-math/includes/modules/schema/class-frontend.php on line 243
[18-Jul-2022 04:55:39 UTC] PHP Notice:  Trying to get property 'ID' of non-object in /home/customer/www/despierta.info/public_html/wp-content/plugins/wp-user-frontend/wpuf-functions.php on line 860
[18-Jul-2022 12:42:57 UTC] PHP Notice:  Trying to get property 'post_type' of non-object in /home/customer/www/despierta.info/public_html/wp-includes/class-wp-query.php on line 4338
[18-Jul-2022 12:44:51 UTC] PHP Notice:  Trying to get property 'post_type' of non-object in /home/customer/www/despierta.info/public_html/wp-includes/class-wp-query.php on line 4338
[18-Jul-2022 13:01:03 UTC] PHP Notice:  Undefined index: @id in /home/customer/www/despierta.info/public_html/wp-content/plugins/seo-by-rank-math/includes/modules/schema/class-frontend.php on line 243
[18-Jul-2022 13:50:04 UTC] PHP Notice:  Undefined index: @id in /home/customer/www/despierta.info/public_html/wp-content/plugins/seo-by-rank-math/includes/modules/schema/class-frontend.php on line 243
[18-Jul-2022 13:51:32 UTC] PHP Notice:  Undefined index: @id in /home/customer/www/despierta.info/public_html/wp-content/plugins/seo-by-rank-math/includes/modules/schema/class-frontend.php on line 243
[18-Jul-2022 14:24:42 UTC] PHP Notice:  La función wp_enqueue_script() ha sido llamada <strong>de forma incorrecta</strong>. El script «wp-editor» no debe ponerse en cola junto con el nuevo editor de widgets (wp-edit-widgets o wp-customize-widgets). Por favor, visita <a href="https://wordpress.org/support/article/debugging-in-wordpress/">Depuración en WordPress</a> para más información. (Este mensaje fue añadido en la versión 5.8.0). in /home/customer/www/despierta.info/public_html/wp-includes/functions.php on line 5831
[18-Jul-2022 14:26:37 UTC] PHP Notice:  Undefined index: @id in /home/customer/www/despierta.info/public_html/wp-content/plugins/seo-by-rank-math/includes/modules/schema/class-frontend.php on line 243
[18-Jul-2022 14:39:33 UTC] PHP Notice:  Undefined index: @id in /home/customer/www/despierta.info/public_html/wp-content/plugins/seo-by-rank-math/includes/modules/schema/class-frontend.php on line 243
[18-Jul-2022 14:41:32 UTC] PHP Notice:  Trying to get property 'ID' of non-object in /home/customer/www/despierta.info/public_html/wp-content/plugins/wp-user-frontend/wpuf-functions.php on line 860
[18-Jul-2022 14:55:23 UTC] PHP Notice:  Trying to get property 'post_type' of non-object in /home/customer/www/despierta.info/public_html/wp-includes/class-wp-query.php on line 4338
[18-Jul-2022 14:59:09 UTC] PHP Notice:  Trying to get property 'ID' of non-object in /home/customer/www/despierta.info/public_html/wp-content/plugins/wp-user-frontend/wpuf-functions.php on line 860
[18-Jul-2022 15:01:38 UTC] There was an issue purging the cache for this URL: https://despierta.info/wp-json/. Error code: 429. Message: Too many client connections in one minute.
[18-Jul-2022 15:01:38 UTC] There was an issue purging the cache for this URL: https://despierta.info/. Error code: 429. Message: Too many client connections in one minute.
[18-Jul-2022 15:04:10 UTC] There was an issue purging the cache for this URL: https://despierta.info/wp-json/. Error code: 429. Message: Too many client connections in one minute.
[18-Jul-2022 15:04:10 UTC] There was an issue purging the cache for this URL: https://despierta.info/wp-json/. Error code: 429. Message: Too many client connections in one minute.
[18-Jul-2022 15:04:10 UTC] There was an issue purging the cache for this URL: https://despierta.info/wp-json/. Error code: 429. Message: Too many client connections in one minute.
[18-Jul-2022 15:04:10 UTC] There was an issue purging the cache for this URL: https://despierta.info/wp-json/. Error code: 429. Message: Too many client connections in one minute.
[18-Jul-2022 15:04:10 UTC] There was an issue purging the cache for this URL: https://despierta.info/wp-json/. Error code: 429. Message: Too many client connections in one minute.
[18-Jul-2022 15:04:10 UTC] There was an issue purging the cache for this URL: https://despierta.info/wp-json/. Error code: 429. Message: Too many client connections in one minute.
[18-Jul-2022 15:04:10 UTC] There was an issue purging the cache for this URL: https://despierta.info/wp-json/. Error code: 429. Message: Too many client connections in one minute.
[18-Jul-2022 15:04:10 UTC] There was an issue purging the cache for this URL: https://despierta.info/wp-json/. Error code: 429. Message: Too many client connections in one minute.
[18-Jul-2022 15:04:10 UTC] There was an issue purging the cache for this URL: https://despierta.info/wp-json/. Error code: 429. Message: Too many client connections in one minute.
[18-Jul-2022 15:04:10 UTC] There was an issue purging the cache for this URL: https://despierta.info/wp-json/. Error code: 429. Message: Too many client connections in one minute.
[18-Jul-2022 15:04:10 UTC] There was an issue purging the cache for this URL: https://despierta.info/wp-json/. Error code: 429. Message: Too many client connections in one minute.
[18-Jul-2022 15:04:10 UTC] There was an issue purging the cache for this URL: https://despierta.info/wp-json/. Error code: 429. Message: Too many client connections in one minute.
[18-Jul-2022 15:04:10 UTC] There was an issue purging the cache for this URL: https://despierta.info/wp-json/. Error code: 429. Message: Too many client connections in one minute.
[18-Jul-2022 15:04:10 UTC] There was an issue purging the cache for this URL: https://despierta.info/wp-json/. Error code: 429. Message: Too many client connections in one minute.
[18-Jul-2022 15:04:10 UTC] There was an issue purging the cache for this URL: https://despierta.info/wp-json/. Error code: 429. Message: Too many client connections in one minute.
[18-Jul-2022 15:04:10 UTC] There was an issue purging the cache for this URL: https://despierta.info/wp-json/. Error code: 429. Message: Too many client connections in one minute.
[18-Jul-2022 15:04:10 UTC] There was an issue purging the cache for this URL: https://despierta.info/wp-json/. Error code: 429. Message: Too many client connections in one minute.
[18-Jul-2022 15:04:10 UTC] There was an issue purging the cache for this URL: https://despierta.info/wp-json/. Error code: 429. Message: Too many client connections in one minute.
[18-Jul-2022 15:04:10 UTC] There was an issue purging the cache for this URL: https://despierta.info/wp-json/. Error code: 429. Message: Too many client connections in one minute.
[18-Jul-2022 15:04:10 UTC] There was an issue purging the cache for this URL: https://despierta.info/wp-json/. Error code: 429. Message: Too many client connections in one minute.
[18-Jul-2022 15:04:10 UTC] There was an issue purging the cache for this URL: https://despierta.info/wp-json/. Error code: 429. Message: Too many client connections in one minute.
[18-Jul-2022 15:04:10 UTC] There was an issue purging the cache for this URL: https://despierta.info/wp-json/. Error code: 429. Message: Too many client connections in one minute.
[18-Jul-2022 15:04:10 UTC] There was an issue purging the cache for this URL: https://despierta.info/wp-json/. Error code: 429. Message: Too many client connections in one minute.
[18-Jul-2022 15:04:10 UTC] There was an issue purging the cache for this URL: https://despierta.info/. Error code: 429. Message: Too many client connections in one minute.
[18-Jul-2022 15:05:34 UTC] PHP Notice:  Undefined index: @id in /home/customer/www/despierta.info/public_html/wp-content/plugins/seo-by-rank-math/includes/modules/schema/class-frontend.php on line 243
[18-Jul-2022 16:44:40 UTC] PHP Notice:  Trying to get property 'ID' of non-object in /home/customer/www/despierta.info/public_html/wp-content/plugins/wp-user-frontend/wpuf-functions.php on line 860
[18-Jul-2022 17:09:17 UTC] PHP Notice:  Trying to get property 'ID' of non-object in /home/customer/www/despierta.info/public_html/wp-content/plugins/wp-user-frontend/wpuf-functions.php on line 860
[18-Jul-2022 18:21:33 UTC] PHP Notice:  La función wp_enqueue_script() ha sido llamada <strong>de forma incorrecta</strong>. El script «wp-editor» no debe ponerse en cola junto con el nuevo editor de widgets (wp-edit-widgets o wp-customize-widgets). Por favor, visita <a href="https://wordpress.org/support/article/debugging-in-wordpress/">Depuración en WordPress</a> para más información. (Este mensaje fue añadido en la versión 5.8.0). in /home/customer/www/despierta.info/public_html/wp-includes/functions.php on line 5831
[18-Jul-2022 18:47:35 UTC] PHP Notice:  Undefined index: @id in /home/customer/www/despierta.info/public_html/wp-content/plugins/seo-by-rank-math/includes/modules/schema/class-frontend.php on line 243
[18-Jul-2022 23:43:15 UTC] PHP Notice:  Undefined index: @id in /home/customer/www/despierta.info/public_html/wp-content/plugins/seo-by-rank-math/includes/modules/schema/class-frontend.php on line 243
[19-Jul-2022 02:21:47 UTC] PHP Notice:  Trying to get property 'ID' of non-object in /home/customer/www/despierta.info/public_html/wp-content/plugins/wp-user-frontend/wpuf-functions.php on line 860
[19-Jul-2022 13:42:29 UTC] PHP Notice:  Undefined index: @id in /home/customer/www/despierta.info/public_html/wp-content/plugins/seo-by-rank-math/includes/modules/schema/class-frontend.php on line 243
[19-Jul-2022 13:45:03 UTC] PHP Notice:  Undefined index: @id in /home/customer/www/despierta.info/public_html/wp-content/plugins/seo-by-rank-math/includes/modules/schema/class-frontend.php on line 243
[19-Jul-2022 13:45:47 UTC] PHP Notice:  Undefined index: @id in /home/customer/www/despierta.info/public_html/wp-content/plugins/seo-by-rank-math/includes/modules/schema/class-frontend.php on line 243
[19-Jul-2022 13:57:43 UTC] PHP Notice:  Undefined index: @id in /home/customer/www/despierta.info/public_html/wp-content/plugins/seo-by-rank-math/includes/modules/schema/class-frontend.php on line 243
[19-Jul-2022 14:01:10 UTC] PHP Notice:  Undefined index: @id in /home/customer/www/despierta.info/public_html/wp-content/plugins/seo-by-rank-math/includes/modules/schema/class-frontend.php on line 243
[19-Jul-2022 14:11:27 UTC] PHP Notice:  Undefined index: @id in /home/customer/www/despierta.info/public_html/wp-content/plugins/seo-by-rank-math/includes/modules/schema/class-frontend.php on line 243
[19-Jul-2022 14:11:39 UTC] PHP Notice:  Trying to get property 'ID' of non-object in /home/customer/www/despierta.info/public_html/wp-content/plugins/wp-user-frontend/wpuf-functions.php on line 860
[19-Jul-2022 14:14:16 UTC] PHP Notice:  Undefined index: @id in /home/customer/www/despierta.info/public_html/wp-content/plugins/seo-by-rank-math/includes/modules/schema/class-frontend.php on line 243
[19-Jul-2022 14:16:09 UTC] PHP Notice:  Trying to get property 'ID' of non-object in /home/customer/www/despierta.info/public_html/wp-content/plugins/wp-user-frontend/wpuf-functions.php on line 860
[19-Jul-2022 14:17:57 UTC] PHP Notice:  Undefined index: @id in /home/customer/www/despierta.info/public_html/wp-content/plugins/seo-by-rank-math/includes/modules/schema/class-frontend.php on line 243
[19-Jul-2022 14:18:09 UTC] PHP Notice:  Trying to get property 'ID' of non-object in /home/customer/www/despierta.info/public_html/wp-content/plugins/wp-user-frontend/wpuf-functions.php on line 860
[19-Jul-2022 14:28:34 UTC] PHP Notice:  Trying to get property 'ID' of non-object in /home/customer/www/despierta.info/public_html/wp-content/plugins/wp-user-frontend/wpuf-functions.php on line 860
[19-Jul-2022 14:28:37 UTC] PHP Notice:  Undefined index: @id in /home/customer/www/despierta.info/public_html/wp-content/plugins/seo-by-rank-math/includes/modules/schema/class-frontend.php on line 243
[19-Jul-2022 15:04:14 UTC] PHP Notice:  Undefined index: @id in /home/customer/www/despierta.info/public_html/wp-content/plugins/seo-by-rank-math/includes/modules/schema/class-frontend.php on line 243
[19-Jul-2022 15:30:54 UTC] PHP Notice:  Undefined index: @id in /home/customer/www/despierta.info/public_html/wp-content/plugins/seo-by-rank-math/includes/modules/schema/class-frontend.php on line 243
[19-Jul-2022 17:21:36 UTC] PHP Notice:  Trying to get property 'ID' of non-object in /home/customer/www/despierta.info/public_html/wp-content/plugins/wp-user-frontend/wpuf-functions.php on line 860
[19-Jul-2022 17:24:00 UTC] PHP Notice:  Undefined index: @id in /home/customer/www/despierta.info/public_html/wp-content/plugins/seo-by-rank-math/includes/modules/schema/class-frontend.php on line 243
[19-Jul-2022 17:27:10 UTC] PHP Notice:  Undefined index: @id in /home/customer/www/despierta.info/public_html/wp-content/plugins/seo-by-rank-math/includes/modules/schema/class-frontend.php on line 243
[19-Jul-2022 17:33:41 UTC] PHP Notice:  Undefined index: @id in /home/customer/www/despierta.info/public_html/wp-content/plugins/seo-by-rank-math/includes/modules/schema/class-frontend.php on line 243
[19-Jul-2022 17:36:51 UTC] PHP Notice:  Trying to get property 'ID' of non-object in /home/customer/www/despierta.info/public_html/wp-content/plugins/wp-user-frontend/wpuf-functions.php on line 860
[19-Jul-2022 17:36:52 UTC] PHP Notice:  Undefined index: @id in /home/customer/www/despierta.info/public_html/wp-content/plugins/seo-by-rank-math/includes/modules/schema/class-frontend.php on line 243
[19-Jul-2022 17:39:42 UTC] PHP Notice:  Trying to get property 'ID' of non-object in /home/customer/www/despierta.info/public_html/wp-content/plugins/wp-user-frontend/wpuf-functions.php on line 860
[19-Jul-2022 17:41:23 UTC] PHP Notice:  Undefined index: @id in /home/customer/www/despierta.info/public_html/wp-content/plugins/seo-by-rank-math/includes/modules/schema/class-frontend.php on line 243
[19-Jul-2022 18:05:34 UTC] PHP Notice:  Undefined index: @id in /home/customer/www/despierta.info/public_html/wp-content/plugins/seo-by-rank-math/includes/modules/schema/class-frontend.php on line 243
[19-Jul-2022 18:08:40 UTC] PHP Notice:  Trying to get property 'ID' of non-object in /home/customer/www/despierta.info/public_html/wp-content/plugins/wp-user-frontend/wpuf-functions.php on line 860
[19-Jul-2022 18:09:00 UTC] PHP Notice:  Undefined index: @id in /home/customer/www/despierta.info/public_html/wp-content/plugins/seo-by-rank-math/includes/modules/schema/class-frontend.php on line 243
[19-Jul-2022 18:10:59 UTC] PHP Notice:  Trying to get property 'ID' of non-object in /home/customer/www/despierta.info/public_html/wp-content/plugins/wp-user-frontend/wpuf-functions.php on line 860
[19-Jul-2022 18:14:28 UTC] PHP Notice:  Undefined index: @id in /home/customer/www/despierta.info/public_html/wp-content/plugins/seo-by-rank-math/includes/modules/schema/class-frontend.php on line 243
[19-Jul-2022 18:15:31 UTC] PHP Notice:  Trying to get property 'ID' of non-object in /home/customer/www/despierta.info/public_html/wp-content/plugins/wp-user-frontend/wpuf-functions.php on line 860
[19-Jul-2022 18:19:32 UTC] PHP Notice:  Undefined index: @id in /home/customer/www/despierta.info/public_html/wp-content/plugins/seo-by-rank-math/includes/modules/schema/class-frontend.php on line 243
[19-Jul-2022 18:22:50 UTC] PHP Notice:  Undefined index: @id in /home/customer/www/despierta.info/public_html/wp-content/plugins/seo-by-rank-math/includes/modules/schema/class-frontend.php on line 243
[19-Jul-2022 18:23:41 UTC] PHP Notice:  Trying to get property 'ID' of non-object in /home/customer/www/despierta.info/public_html/wp-content/plugins/wp-user-frontend/wpuf-functions.php on line 860
[19-Jul-2022 18:27:51 UTC] PHP Notice:  Trying to get property 'ID' of non-object in /home/customer/www/despierta.info/public_html/wp-content/plugins/wp-user-frontend/wpuf-functions.php on line 860
[19-Jul-2022 18:27:56 UTC] PHP Notice:  Undefined index: @id in /home/customer/www/despierta.info/public_html/wp-content/plugins/seo-by-rank-math/includes/modules/schema/class-frontend.php on line 243
[19-Jul-2022 18:28:51 UTC] PHP Notice:  Trying to get property 'ID' of non-object in /home/customer/www/despierta.info/public_html/wp-content/plugins/wp-user-frontend/wpuf-functions.php on line 860
[19-Jul-2022 18:31:51 UTC] PHP Notice:  Undefined index: @id in /home/customer/www/despierta.info/public_html/wp-content/plugins/seo-by-rank-math/includes/modules/schema/class-frontend.php on line 243
[19-Jul-2022 18:33:58 UTC] PHP Notice:  Trying to get property 'ID' of non-object in /home/customer/www/despierta.info/public_html/wp-content/plugins/wp-user-frontend/wpuf-functions.php on line 860
[19-Jul-2022 18:34:15 UTC] PHP Notice:  Undefined index: @id in /home/customer/www/despierta.info/public_html/wp-content/plugins/seo-by-rank-math/includes/modules/schema/class-frontend.php on line 243
